#-----------------------------------------------------------
# Vivado v2016.2 (64-bit)
# SW Build 1577090 on Thu Jun  2 16:32:40 MDT 2016
# IP Build 1577682 on Fri Jun  3 12:00:54 MDT 2016
# Start of session at: Sun Nov 06 20:35:33 2016
# Process ID: 9608
# Current directory: C:/Users/liliw/AppData/Roaming/Xilinx/Vivado
# Command line: vivado.exe -gui_launcher_event rodinguilauncherevent932
# Log file: C:/Users/liliw/AppData/Roaming/Xilinx/Vivado/vivado.log
# Journal file: C:/Users/liliw/AppData/Roaming/Xilinx/Vivado\vivado.jou
#-----------------------------------------------------------
start_gui
open_project D:/Vivado/Projects/ee2020_with_vga/ee2020_with_vga.xpr
Scanning sources...
Finished scanning sources
INFO: [IP_Flow 19-234] Refreshing IP repositories
INFO: [IP_Flow 19-1704] No user IP repositories specified
INFO: [IP_Flow 19-2313] Loaded Vivado IP repository 'D:/Vivado/Vivado/2016.2/data/ip'.
open_project: Time (s): cpu = 00:00:12 ; elapsed = 00:00:06 . Memory (MB): peak = 770.148 ; gain = 128.063
update_compile_order -fileset sources_1
archive_project D:/Vivado/Projects/ee2020_with_vga.xpr.zip -temp_dir C:/Users/liliw/AppData/Roaming/Xilinx/Vivado/.Xil/Vivado-9608-Liwei -force -include_config_settings
INFO: [Coretcl 2-137] starting archive...
INFO: [Coretcl 2-1499] Saving project copy to temporary location 'C:/Users/liliw/AppData/Roaming/Xilinx/Vivado/.Xil/Vivado-9608-Liwei' for archiving project
Scanning sources...
Finished scanning sources
INFO: [Coretcl 2-1211] Creating project copy for archival...
INFO: [Coretcl 2-1213] Including run results for 'synth_1'
INFO: [Coretcl 2-1213] Including run results for 'impl_1'
INFO: [Coretcl 2-1209] Adding archive summary file to the project...
****** Webtalk v2016.2 (64-bit)
  **** SW Build 1577090 on Thu Jun  2 16:32:40 MDT 2016
  **** IP Build 1577682 on Fri Jun  3 12:00:54 MDT 2016
    ** Copyright 1986-2016 Xilinx, Inc. All Rights Reserved.

source C:/Users/liliw/AppData/Roaming/Xilinx/Vivado/.Xil/Vivado-9608-Liwei/PrjAr/_X_/ee2020_with_vga.hw/webtalk/labtool_webtalk.tcl -notrace
INFO: [Common 17-206] Exiting Webtalk at Sun Nov 06 20:36:18 2016...
INFO: [Coretcl 2-1214] Preparing project files for archive...
INFO: [Coretcl 2-1210] Compressing project files and data...
INFO: [Coretcl 2-1215] Project archived (D:/Vivado/Projects/ee2020_with_vga.xpr.zip)
INFO: [Coretcl 2-1216] To view the archive summary log in GUI, double click on 'Design Sources->Text->archive_project_summary.txt', or open this file from the archived project directory.
archive_project {C:/Users/liliw/Desktop/Project_Monday_Li Liwei_A0155991R_Workspace.xpr.zip} -temp_dir C:/Users/liliw/AppData/Roaming/Xilinx/Vivado/.Xil/Vivado-9608-Liwei -force -include_config_settings
INFO: [Coretcl 2-137] starting archive...
INFO: [Coretcl 2-1499] Saving project copy to temporary location 'C:/Users/liliw/AppData/Roaming/Xilinx/Vivado/.Xil/Vivado-9608-Liwei' for archiving project
Scanning sources...
Finished scanning sources
INFO: [Coretcl 2-1211] Creating project copy for archival...
INFO: [Coretcl 2-1213] Including run results for 'synth_1'
INFO: [Coretcl 2-1213] Including run results for 'impl_1'
