#-----------------------------------------------------------
# Vivado v2016.4 (64-bit)
# SW Build 1733598 on Wed Dec 14 22:35:39 MST 2016
# IP Build 1731160 on Wed Dec 14 23:47:21 MST 2016
# Start of session at: Tue Aug 22 17:12:31 2017
# Process ID: 8196
# Current directory: C:/Users/liliw/Desktop/EE2020
# Command line: vivado.exe -gui_launcher_event rodinguilauncherevent14572 C:\Users\liliw\Desktop\EE2020\ee2020_with_vga.xpr
# Log file: C:/Users/liliw/Desktop/EE2020/vivado.log
# Journal file: C:/Users/liliw/Desktop/EE2020\vivado.jou
#-----------------------------------------------------------
start_gui
open_project C:/Users/liliw/Desktop/EE2020/ee2020_with_vga.xpr
INFO: [Project 1-313] Project file moved from 'C:/Users/liliw/AppData/Roaming/Xilinx/Vivado/.Xil/Vivado-9608-Liwei/PrjAr/_X_' since last save.
Scanning sources...
Finished scanning sources
INFO: [Project 1-230] Project 'ee2020_with_vga.xpr' upgraded for this version of Vivado.
INFO: [IP_Flow 19-234] Refreshing IP repositories
INFO: [IP_Flow 19-1704] No user IP repositories specified
INFO: [IP_Flow 19-2313] Loaded Vivado IP repository 'D:/Vivado/Vivado/2016.4/data/ip'.
open_project: Time (s): cpu = 00:00:08 ; elapsed = 00:00:08 . Memory (MB): peak = 697.258 ; gain = 101.910
